

 LOG file opened at 10/02/25 03:15:49

Total Number of Files=1

Data File: DOCUMENTO_INTERVENCAO.csv

Log File: EXT_DOCUMENTO_INTERVENCAO_277.log



 LOG file opened at 10/02/25 03:15:49

Bad File: EXT_DOCUMENTO_INTERVENCAO_277.bad

Field Definitions for table EXT_DOCUMENTO_INTERVENCAO
  Record format DELIMITED BY NEWLINE
  Data in file has same endianness as the platform
  Rows with all null fields are accepted

  Fields in Data Source: 

    COD_DOCUMENTO                   CHAR (255)
      Terminated by ";"
      Trim whitespace same as SQL Loader
    NUM_DOCUMENTO                   CHAR (255)
      Terminated by ";"
      Trim whitespace same as SQL Loader


 LOG file opened at 10/02/25 03:15:49

Total Number of Files=1

Data File: DOCUMENTO_INTERVENCAO.csv

Log File: EXT_DOCUMENTO_INTERVENCAO_277.log



 LOG file opened at 10/02/25 03:15:49

Bad File: EXT_DOCUMENTO_INTERVENCAO_277.bad

Field Definitions for table EXT_DOCUMENTO_INTERVENCAO
  Record format DELIMITED BY NEWLINE
  Data in file has same endianness as the platform
  Rows with all null fields are accepted

  Fields in Data Source: 

    COD_DOCUMENTO                   CHAR (255)
      Terminated by ";"
      Trim whitespace same as SQL Loader
    NUM_DOCUMENTO                   CHAR (255)
      Terminated by ";"
      Trim whitespace same as SQL Loader


 LOG file opened at 10/02/25 03:16:42

Total Number of Files=1

Data File: DOCUMENTO_INTERVENCAO.csv

Log File: EXT_DOCUMENTO_INTERVENCAO_277.log



 LOG file opened at 10/02/25 03:16:42

Bad File: EXT_DOCUMENTO_INTERVENCAO_277.bad

Field Definitions for table EXT_DOCUMENTO_INTERVENCAO
  Record format DELIMITED BY NEWLINE
  Data in file has same endianness as the platform
  Rows with all null fields are accepted

  Fields in Data Source: 

    COD_DOCUMENTO                   CHAR (255)
      Terminated by ";"
      Trim whitespace same as SQL Loader
    NUM_DOCUMENTO                   CHAR (255)
      Terminated by ";"
      Trim whitespace same as SQL Loader


 LOG file opened at 10/02/25 03:17:39

Total Number of Files=1

Data File: DOCUMENTO_INTERVENCAO.csv

Log File: EXT_DOCUMENTO_INTERVENCAO_277.log



 LOG file opened at 10/02/25 03:17:39

Bad File: EXT_DOCUMENTO_INTERVENCAO_277.bad

Field Definitions for table EXT_DOCUMENTO_INTERVENCAO
  Record format DELIMITED BY NEWLINE
  Data in file has same endianness as the platform
  Rows with all null fields are accepted

  Fields in Data Source: 

    COD_DOCUMENTO                   CHAR (255)
      Terminated by ";"
      Trim whitespace same as SQL Loader
    NUM_DOCUMENTO                   CHAR (255)
      Terminated by ";"
      Trim whitespace same as SQL Loader
