

 LOG file opened at 10/02/25 02:46:42

Total Number of Files=1

Data File: DOCUMENTO_INTERVENCAO.csv

Log File: EXT_DOCUMENTO_INTERVENCAO_316.log



 LOG file opened at 10/02/25 02:46:42

Bad File: EXT_DOCUMENTO_INTERVENCAO_316.bad

Field Definitions for table EXT_DOCUMENTO_INTERVENCAO
  Record format DELIMITED BY NEWLINE
  Data in file has same endianness as the platform
  Rows with all null fields are accepted

  Fields in Data Source: 

    COD_DOCUMENTO                   CHAR (255)
      Terminated by ";"
      Trim whitespace same as SQL Loader


 LOG file opened at 10/02/25 02:47:13

Total Number of Files=1

Data File: DOCUMENTO_INTERVENCAO.csv

Log File: EXT_DOCUMENTO_INTERVENCAO_316.log



 LOG file opened at 10/02/25 02:47:13

Bad File: EXT_DOCUMENTO_INTERVENCAO_316.bad

Field Definitions for table EXT_DOCUMENTO_INTERVENCAO
  Record format DELIMITED BY NEWLINE
  Data in file has same endianness as the platform
  Rows with all null fields are accepted

  Fields in Data Source: 

    COD_DOCUMENTO                   CHAR (255)
      Terminated by ";"
      Trim whitespace same as SQL Loader


 LOG file opened at 10/02/25 02:47:14

Total Number of Files=1

Data File: DOCUMENTO_INTERVENCAO.csv

Log File: EXT_DOCUMENTO_INTERVENCAO_316.log



 LOG file opened at 10/02/25 02:47:14

Bad File: EXT_DOCUMENTO_INTERVENCAO_316.bad

Field Definitions for table EXT_DOCUMENTO_INTERVENCAO
  Record format DELIMITED BY NEWLINE
  Data in file has same endianness as the platform
  Rows with all null fields are accepted

  Fields in Data Source: 

    COD_DOCUMENTO                   CHAR (255)
      Terminated by ";"
      Trim whitespace same as SQL Loader


 LOG file opened at 10/02/25 02:47:14

Total Number of Files=1

Data File: DOCUMENTO_INTERVENCAO.csv

Log File: EXT_DOCUMENTO_INTERVENCAO_316.log



 LOG file opened at 10/02/25 02:47:14

Bad File: EXT_DOCUMENTO_INTERVENCAO_316.bad

Field Definitions for table EXT_DOCUMENTO_INTERVENCAO
  Record format DELIMITED BY NEWLINE
  Data in file has same endianness as the platform
  Rows with all null fields are accepted

  Fields in Data Source: 

    COD_DOCUMENTO                   CHAR (255)
      Terminated by ";"
      Trim whitespace same as SQL Loader


 LOG file opened at 10/02/25 02:47:14

Total Number of Files=1

Data File: DOCUMENTO_INTERVENCAO.csv

Log File: EXT_DOCUMENTO_INTERVENCAO_316.log



 LOG file opened at 10/02/25 02:47:14

Bad File: EXT_DOCUMENTO_INTERVENCAO_316.bad

Field Definitions for table EXT_DOCUMENTO_INTERVENCAO
  Record format DELIMITED BY NEWLINE
  Data in file has same endianness as the platform
  Rows with all null fields are accepted

  Fields in Data Source: 

    COD_DOCUMENTO                   CHAR (255)
      Terminated by ";"
      Trim whitespace same as SQL Loader


 LOG file opened at 10/02/25 02:47:15

Total Number of Files=1

Data File: DOCUMENTO_INTERVENCAO.csv

Log File: EXT_DOCUMENTO_INTERVENCAO_316.log



 LOG file opened at 10/02/25 02:47:15

Bad File: EXT_DOCUMENTO_INTERVENCAO_316.bad

Field Definitions for table EXT_DOCUMENTO_INTERVENCAO
  Record format DELIMITED BY NEWLINE
  Data in file has same endianness as the platform
  Rows with all null fields are accepted

  Fields in Data Source: 

    COD_DOCUMENTO                   CHAR (255)
      Terminated by ";"
      Trim whitespace same as SQL Loader


 LOG file opened at 10/02/25 02:47:15

Total Number of Files=1

Data File: DOCUMENTO_INTERVENCAO.csv

Log File: EXT_DOCUMENTO_INTERVENCAO_316.log



 LOG file opened at 10/02/25 02:47:15

Bad File: EXT_DOCUMENTO_INTERVENCAO_316.bad

Field Definitions for table EXT_DOCUMENTO_INTERVENCAO
  Record format DELIMITED BY NEWLINE
  Data in file has same endianness as the platform
  Rows with all null fields are accepted

  Fields in Data Source: 

    COD_DOCUMENTO                   CHAR (255)
      Terminated by ";"
      Trim whitespace same as SQL Loader


 LOG file opened at 10/02/25 02:47:15

Total Number of Files=1

Data File: DOCUMENTO_INTERVENCAO.csv

Log File: EXT_DOCUMENTO_INTERVENCAO_316.log



 LOG file opened at 10/02/25 02:47:15

Bad File: EXT_DOCUMENTO_INTERVENCAO_316.bad

Field Definitions for table EXT_DOCUMENTO_INTERVENCAO
  Record format DELIMITED BY NEWLINE
  Data in file has same endianness as the platform
  Rows with all null fields are accepted

  Fields in Data Source: 

    COD_DOCUMENTO                   CHAR (255)
      Terminated by ";"
      Trim whitespace same as SQL Loader


 LOG file opened at 10/02/25 02:47:15

Total Number of Files=1

Data File: DOCUMENTO_INTERVENCAO.csv

Log File: EXT_DOCUMENTO_INTERVENCAO_316.log



 LOG file opened at 10/02/25 02:47:15

Bad File: EXT_DOCUMENTO_INTERVENCAO_316.bad

Field Definitions for table EXT_DOCUMENTO_INTERVENCAO
  Record format DELIMITED BY NEWLINE
  Data in file has same endianness as the platform
  Rows with all null fields are accepted

  Fields in Data Source: 

    COD_DOCUMENTO                   CHAR (255)
      Terminated by ";"
      Trim whitespace same as SQL Loader


 LOG file opened at 10/02/25 02:47:15

Total Number of Files=1

Data File: DOCUMENTO_INTERVENCAO.csv

Log File: EXT_DOCUMENTO_INTERVENCAO_316.log



 LOG file opened at 10/02/25 02:47:15

Bad File: EXT_DOCUMENTO_INTERVENCAO_316.bad

Field Definitions for table EXT_DOCUMENTO_INTERVENCAO
  Record format DELIMITED BY NEWLINE
  Data in file has same endianness as the platform
  Rows with all null fields are accepted

  Fields in Data Source: 

    COD_DOCUMENTO                   CHAR (255)
      Terminated by ";"
      Trim whitespace same as SQL Loader


 LOG file opened at 10/02/25 02:47:15

Total Number of Files=1

Data File: DOCUMENTO_INTERVENCAO.csv

Log File: EXT_DOCUMENTO_INTERVENCAO_316.log



 LOG file opened at 10/02/25 02:47:15

Bad File: EXT_DOCUMENTO_INTERVENCAO_316.bad

Field Definitions for table EXT_DOCUMENTO_INTERVENCAO
  Record format DELIMITED BY NEWLINE
  Data in file has same endianness as the platform
  Rows with all null fields are accepted

  Fields in Data Source: 

    COD_DOCUMENTO                   CHAR (255)
      Terminated by ";"
      Trim whitespace same as SQL Loader


 LOG file opened at 10/02/25 02:47:15

Total Number of Files=1

Data File: DOCUMENTO_INTERVENCAO.csv

Log File: EXT_DOCUMENTO_INTERVENCAO_316.log



 LOG file opened at 10/02/25 02:47:15

Bad File: EXT_DOCUMENTO_INTERVENCAO_316.bad

Field Definitions for table EXT_DOCUMENTO_INTERVENCAO
  Record format DELIMITED BY NEWLINE
  Data in file has same endianness as the platform
  Rows with all null fields are accepted

  Fields in Data Source: 

    COD_DOCUMENTO                   CHAR (255)
      Terminated by ";"
      Trim whitespace same as SQL Loader


 LOG file opened at 10/02/25 02:47:15

Total Number of Files=1

Data File: DOCUMENTO_INTERVENCAO.csv

Log File: EXT_DOCUMENTO_INTERVENCAO_316.log



 LOG file opened at 10/02/25 02:47:15

Bad File: EXT_DOCUMENTO_INTERVENCAO_316.bad

Field Definitions for table EXT_DOCUMENTO_INTERVENCAO
  Record format DELIMITED BY NEWLINE
  Data in file has same endianness as the platform
  Rows with all null fields are accepted

  Fields in Data Source: 

    COD_DOCUMENTO                   CHAR (255)
      Terminated by ";"
      Trim whitespace same as SQL Loader


 LOG file opened at 10/02/25 02:47:15

Total Number of Files=1

Data File: DOCUMENTO_INTERVENCAO.csv

Log File: EXT_DOCUMENTO_INTERVENCAO_316.log



 LOG file opened at 10/02/25 02:47:15

Bad File: EXT_DOCUMENTO_INTERVENCAO_316.bad

Field Definitions for table EXT_DOCUMENTO_INTERVENCAO
  Record format DELIMITED BY NEWLINE
  Data in file has same endianness as the platform
  Rows with all null fields are accepted

  Fields in Data Source: 

    COD_DOCUMENTO                   CHAR (255)
      Terminated by ";"
      Trim whitespace same as SQL Loader


 LOG file opened at 10/02/25 02:47:15

Total Number of Files=1

Data File: DOCUMENTO_INTERVENCAO.csv

Log File: EXT_DOCUMENTO_INTERVENCAO_316.log



 LOG file opened at 10/02/25 02:47:15

Bad File: EXT_DOCUMENTO_INTERVENCAO_316.bad

Field Definitions for table EXT_DOCUMENTO_INTERVENCAO
  Record format DELIMITED BY NEWLINE
  Data in file has same endianness as the platform
  Rows with all null fields are accepted

  Fields in Data Source: 

    COD_DOCUMENTO                   CHAR (255)
      Terminated by ";"
      Trim whitespace same as SQL Loader


 LOG file opened at 10/02/25 02:47:16

Total Number of Files=1

Data File: DOCUMENTO_INTERVENCAO.csv

Log File: EXT_DOCUMENTO_INTERVENCAO_316.log



 LOG file opened at 10/02/25 02:47:16

Bad File: EXT_DOCUMENTO_INTERVENCAO_316.bad

Field Definitions for table EXT_DOCUMENTO_INTERVENCAO
  Record format DELIMITED BY NEWLINE
  Data in file has same endianness as the platform
  Rows with all null fields are accepted

  Fields in Data Source: 

    COD_DOCUMENTO                   CHAR (255)
      Terminated by ";"
      Trim whitespace same as SQL Loader


 LOG file opened at 10/02/25 02:47:16

Total Number of Files=1

Data File: DOCUMENTO_INTERVENCAO.csv

Log File: EXT_DOCUMENTO_INTERVENCAO_316.log



 LOG file opened at 10/02/25 02:47:16

Bad File: EXT_DOCUMENTO_INTERVENCAO_316.bad

Field Definitions for table EXT_DOCUMENTO_INTERVENCAO
  Record format DELIMITED BY NEWLINE
  Data in file has same endianness as the platform
  Rows with all null fields are accepted

  Fields in Data Source: 

    COD_DOCUMENTO                   CHAR (255)
      Terminated by ";"
      Trim whitespace same as SQL Loader


 LOG file opened at 10/02/25 02:47:16

Total Number of Files=1

Data File: DOCUMENTO_INTERVENCAO.csv

Log File: EXT_DOCUMENTO_INTERVENCAO_316.log



 LOG file opened at 10/02/25 02:47:16

Bad File: EXT_DOCUMENTO_INTERVENCAO_316.bad

Field Definitions for table EXT_DOCUMENTO_INTERVENCAO
  Record format DELIMITED BY NEWLINE
  Data in file has same endianness as the platform
  Rows with all null fields are accepted

  Fields in Data Source: 

    COD_DOCUMENTO                   CHAR (255)
      Terminated by ";"
      Trim whitespace same as SQL Loader


 LOG file opened at 10/02/25 02:47:16

Total Number of Files=1

Data File: DOCUMENTO_INTERVENCAO.csv

Log File: EXT_DOCUMENTO_INTERVENCAO_316.log



 LOG file opened at 10/02/25 02:47:16

Bad File: EXT_DOCUMENTO_INTERVENCAO_316.bad

Field Definitions for table EXT_DOCUMENTO_INTERVENCAO
  Record format DELIMITED BY NEWLINE
  Data in file has same endianness as the platform
  Rows with all null fields are accepted

  Fields in Data Source: 

    COD_DOCUMENTO                   CHAR (255)
      Terminated by ";"
      Trim whitespace same as SQL Loader


 LOG file opened at 10/02/25 02:47:16

Total Number of Files=1

Data File: DOCUMENTO_INTERVENCAO.csv

Log File: EXT_DOCUMENTO_INTERVENCAO_316.log



 LOG file opened at 10/02/25 02:47:16

Bad File: EXT_DOCUMENTO_INTERVENCAO_316.bad

Field Definitions for table EXT_DOCUMENTO_INTERVENCAO
  Record format DELIMITED BY NEWLINE
  Data in file has same endianness as the platform
  Rows with all null fields are accepted

  Fields in Data Source: 

    COD_DOCUMENTO                   CHAR (255)
      Terminated by ";"
      Trim whitespace same as SQL Loader


 LOG file opened at 10/02/25 02:47:16

Total Number of Files=1

Data File: DOCUMENTO_INTERVENCAO.csv

Log File: EXT_DOCUMENTO_INTERVENCAO_316.log



 LOG file opened at 10/02/25 02:47:16

Bad File: EXT_DOCUMENTO_INTERVENCAO_316.bad

Field Definitions for table EXT_DOCUMENTO_INTERVENCAO
  Record format DELIMITED BY NEWLINE
  Data in file has same endianness as the platform
  Rows with all null fields are accepted

  Fields in Data Source: 

    COD_DOCUMENTO                   CHAR (255)
      Terminated by ";"
      Trim whitespace same as SQL Loader


 LOG file opened at 10/02/25 02:47:16

Total Number of Files=1

Data File: DOCUMENTO_INTERVENCAO.csv

Log File: EXT_DOCUMENTO_INTERVENCAO_316.log



 LOG file opened at 10/02/25 02:47:16

Bad File: EXT_DOCUMENTO_INTERVENCAO_316.bad

Field Definitions for table EXT_DOCUMENTO_INTERVENCAO
  Record format DELIMITED BY NEWLINE
  Data in file has same endianness as the platform
  Rows with all null fields are accepted

  Fields in Data Source: 

    COD_DOCUMENTO                   CHAR (255)
      Terminated by ";"
      Trim whitespace same as SQL Loader


 LOG file opened at 10/02/25 02:47:16

Total Number of Files=1

Data File: DOCUMENTO_INTERVENCAO.csv

Log File: EXT_DOCUMENTO_INTERVENCAO_316.log



 LOG file opened at 10/02/25 02:47:16

Bad File: EXT_DOCUMENTO_INTERVENCAO_316.bad

Field Definitions for table EXT_DOCUMENTO_INTERVENCAO
  Record format DELIMITED BY NEWLINE
  Data in file has same endianness as the platform
  Rows with all null fields are accepted

  Fields in Data Source: 

    COD_DOCUMENTO                   CHAR (255)
      Terminated by ";"
      Trim whitespace same as SQL Loader


 LOG file opened at 10/02/25 02:47:16

Total Number of Files=1

Data File: DOCUMENTO_INTERVENCAO.csv

Log File: EXT_DOCUMENTO_INTERVENCAO_316.log



 LOG file opened at 10/02/25 02:47:16

Bad File: EXT_DOCUMENTO_INTERVENCAO_316.bad

Field Definitions for table EXT_DOCUMENTO_INTERVENCAO
  Record format DELIMITED BY NEWLINE
  Data in file has same endianness as the platform
  Rows with all null fields are accepted

  Fields in Data Source: 

    COD_DOCUMENTO                   CHAR (255)
      Terminated by ";"
      Trim whitespace same as SQL Loader
