

 LOG file opened at 10/04/25 16:25:26

Total Number of Files=1

Data File: DOCUMENTO_INTERVENCAO.csv

Log File: EXT_DOCUMENTO_INTERVENCAO_206.log



 LOG file opened at 10/04/25 16:25:26

Bad File: EXT_DOCUMENTO_INTERVENCAO_206.bad

Field Definitions for table EXT_DOCUMENTO_INTERVENCAO
  Record format DELIMITED BY NEWLINE
  Data in file has same endianness as the platform
  Rows with all null fields are accepted

  Fields in Data Source: 

    COD_DOCUMENTO                   CHAR (255)
      Terminated by ";"
      Trim whitespace same as SQL Loader
    NUM_DOCUMENTO                   CHAR (255)
      Terminated by ";"
      Trim whitespace same as SQL Loader


 LOG file opened at 10/04/25 16:25:26

Total Number of Files=1

Data File: DOCUMENTO_INTERVENCAO.csv

Log File: EXT_DOCUMENTO_INTERVENCAO_206.log



 LOG file opened at 10/04/25 16:25:26

Bad File: EXT_DOCUMENTO_INTERVENCAO_206.bad

Field Definitions for table EXT_DOCUMENTO_INTERVENCAO
  Record format DELIMITED BY NEWLINE
  Data in file has same endianness as the platform
  Rows with all null fields are accepted

  Fields in Data Source: 

    COD_DOCUMENTO                   CHAR (255)
      Terminated by ";"
      Trim whitespace same as SQL Loader
    NUM_DOCUMENTO                   CHAR (255)
      Terminated by ";"
      Trim whitespace same as SQL Loader
