

 LOG file opened at 10/02/25 02:46:27

Total Number of Files=1

Data File: DOCUMENTO_INTERVENCAO.csv

Log File: EXT_DOCUMENTO_INTERVENCAO_421.log



 LOG file opened at 10/02/25 02:46:27

Bad File: EXT_DOCUMENTO_INTERVENCAO_421.bad

Field Definitions for table EXT_DOCUMENTO_INTERVENCAO
  Record format DELIMITED BY NEWLINE
  Data in file has same endianness as the platform
  Rows with all null fields are accepted

  Fields in Data Source: 

    COD_DOCUMENTO                   CHAR (255)
      Terminated by ";"
      Trim whitespace same as SQL Loader


 LOG file opened at 10/02/25 02:48:19

Total Number of Files=1

Data File: DOCUMENTO_INTERVENCAO.csv

Log File: EXT_DOCUMENTO_INTERVENCAO_421.log



 LOG file opened at 10/02/25 02:48:19

Bad File: EXT_DOCUMENTO_INTERVENCAO_421.bad

Field Definitions for table EXT_DOCUMENTO_INTERVENCAO
  Record format DELIMITED BY NEWLINE
  Data in file has same endianness as the platform
  Rows with all null fields are accepted

  Fields in Data Source: 

    COD_DOCUMENTO                   CHAR (255)
      Terminated by ";"
      Trim whitespace same as SQL Loader


 LOG file opened at 10/02/25 02:48:58

Total Number of Files=1

Data File: DOCUMENTO_INTERVENCAO.csv

Log File: EXT_DOCUMENTO_INTERVENCAO_421.log



 LOG file opened at 10/02/25 02:48:58

Bad File: EXT_DOCUMENTO_INTERVENCAO_421.bad

Field Definitions for table EXT_DOCUMENTO_INTERVENCAO
  Record format DELIMITED BY NEWLINE
  Data in file has same endianness as the platform
  Rows with all null fields are accepted

  Fields in Data Source: 

    COD_DOCUMENTO                   CHAR (255)
      Terminated by ";"
      Trim whitespace same as SQL Loader


 LOG file opened at 10/02/25 02:50:34

Total Number of Files=1

Data File: DOCUMENTO_INTERVENCAO.csv

Log File: EXT_DOCUMENTO_INTERVENCAO_421.log



 LOG file opened at 10/02/25 02:50:34

Bad File: EXT_DOCUMENTO_INTERVENCAO_421.bad

Field Definitions for table EXT_DOCUMENTO_INTERVENCAO
  Record format DELIMITED BY NEWLINE
  Data in file has same endianness as the platform
  Rows with all null fields are accepted

  Fields in Data Source: 

    COD_DOCUMENTO                   CHAR (255)
      Terminated by ";"
      Trim whitespace same as SQL Loader
    NUM_DOCUMENTO                   CHAR (255)
      Terminated by ";"
      Trim whitespace same as SQL Loader


 LOG file opened at 10/02/25 02:51:56

Total Number of Files=1

Data File: DOCUMENTO_INTERVENCAO.csv

Log File: EXT_DOCUMENTO_INTERVENCAO_421.log



 LOG file opened at 10/02/25 02:51:56

Bad File: EXT_DOCUMENTO_INTERVENCAO_421.bad

Field Definitions for table EXT_DOCUMENTO_INTERVENCAO
  Record format DELIMITED BY NEWLINE
  Data in file has same endianness as the platform
  Rows with all null fields are accepted

  Fields in Data Source: 

    COD_DOCUMENTO                   CHAR (255)
      Terminated by ";"
      Trim whitespace same as SQL Loader
    NUM_DOCUMENTO                   CHAR (255)
      Terminated by ";"
      Trim whitespace same as SQL Loader


 LOG file opened at 10/02/25 02:52:06

Total Number of Files=1

Data File: DOCUMENTO_INTERVENCAO.csv

Log File: EXT_DOCUMENTO_INTERVENCAO_421.log



 LOG file opened at 10/02/25 02:52:06

Bad File: EXT_DOCUMENTO_INTERVENCAO_421.bad

Field Definitions for table EXT_DOCUMENTO_INTERVENCAO
  Record format DELIMITED BY NEWLINE
  Data in file has same endianness as the platform
  Rows with all null fields are accepted

  Fields in Data Source: 

    COD_DOCUMENTO                   CHAR (255)
      Terminated by ";"
      Trim whitespace same as SQL Loader
    NUM_DOCUMENTO                   CHAR (255)
      Terminated by ";"
      Trim whitespace same as SQL Loader


 LOG file opened at 10/02/25 02:52:07

Total Number of Files=1

Data File: DOCUMENTO_INTERVENCAO.csv

Log File: EXT_DOCUMENTO_INTERVENCAO_421.log



 LOG file opened at 10/02/25 02:52:07

Bad File: EXT_DOCUMENTO_INTERVENCAO_421.bad

Field Definitions for table EXT_DOCUMENTO_INTERVENCAO
  Record format DELIMITED BY NEWLINE
  Data in file has same endianness as the platform
  Rows with all null fields are accepted

  Fields in Data Source: 

    COD_DOCUMENTO                   CHAR (255)
      Terminated by ";"
      Trim whitespace same as SQL Loader
    NUM_DOCUMENTO                   CHAR (255)
      Terminated by ";"
      Trim whitespace same as SQL Loader
